2023-04-24 12:02:29.720  INFO 7340 --- [restartedMain] c.ust.rest.FirstrestAcuactorApplication  : Starting FirstrestAcuactorApplication using Java 16.0.2 on a05a120d459151e with PID 7340 (D:\Module 3\mvc\firstrestAcuactor\target\classes started by Administrator in D:\Module 3\mvc\firstrestAcuactor)
2023-04-24 12:02:29.722  INFO 7340 --- [restartedMain] c.ust.rest.FirstrestAcuactorApplication  : No active profile set, falling back to 1 default profile: "default"
2023-04-24 12:02:29.812  INFO 7340 --- [restartedMain] .e.DevToolsPropertyDefaultsPostProcessor : Devtools property defaults active! Set 'spring.devtools.add-properties' to 'false' to disable
2023-04-24 12:02:29.813  INFO 7340 --- [restartedMain] .e.DevToolsPropertyDefaultsPostProcessor : For additional web related logging consider setting the 'logging.level.web' property to 'DEBUG'
2023-04-24 12:02:31.701  INFO 7340 --- [restartedMain] o.s.b.w.embedded.tomcat.TomcatWebServer  : Tomcat initialized with port(s): 8080 (http)
2023-04-24 12:02:31.724  INFO 7340 --- [restartedMain] o.apache.catalina.core.StandardService   : Starting service [Tomcat]
2023-04-24 12:02:31.724  INFO 7340 --- [restartedMain] org.apache.catalina.core.StandardEngine  : Starting Servlet engine: [Apache Tomcat/9.0.73]
2023-04-24 12:02:31.829  INFO 7340 --- [restartedMain] o.a.c.c.C.[Tomcat].[localhost].[/]       : Initializing Spring embedded WebApplicationContext
2023-04-24 12:02:31.830  INFO 7340 --- [restartedMain] w.s.c.ServletWebServerApplicationContext : Root WebApplicationContext: initialization completed in 2014 ms
2023-04-24 12:02:32.877  INFO 7340 --- [restartedMain] o.s.b.d.a.OptionalLiveReloadServer       : LiveReload server is running on port 35729
2023-04-24 12:02:32.884  INFO 7340 --- [restartedMain] o.s.b.a.e.web.EndpointLinksResolver      : Exposing 1 endpoint(s) beneath base path '/actuator'
2023-04-24 12:02:32.978  INFO 7340 --- [restartedMain] o.s.b.w.embedded.tomcat.TomcatWebServer  : Tomcat started on port(s): 8080 (http) with context path ''
2023-04-24 12:02:33.010  INFO 7340 --- [restartedMain] c.ust.rest.FirstrestAcuactorApplication  : Started FirstrestAcuactorApplication in 3.898 seconds (JVM running for 5.186)
2023-04-24 12:02:33.024  INFO 7340 --- [restartedMain] c.ust.rest.FirstrestAcuactorApplication  : Application started successfully
2023-04-24 12:02:33.025 ERROR 7340 --- [restartedMain] c.ust.rest.FirstrestAcuactorApplication  : error
2023-04-24 12:02:33.025  WARN 7340 --- [restartedMain] c.ust.rest.FirstrestAcuactorApplication  : warning message
2023-04-24 12:02:33.125  INFO 7340 --- [RMI TCP Connection(3)-127.0.0.1] o.a.c.c.C.[Tomcat].[localhost].[/]       : Initializing Spring DispatcherServlet 'dispatcherServlet'
2023-04-24 12:02:33.125  INFO 7340 --- [RMI TCP Connection(3)-127.0.0.1] o.s.web.servlet.DispatcherServlet        : Initializing Servlet 'dispatcherServlet'
2023-04-24 12:02:33.127  INFO 7340 --- [RMI TCP Connection(3)-127.0.0.1] o.s.web.servlet.DispatcherServlet        : Completed initialization in 1 ms
2023-04-24 12:02:44.848  INFO 7340 --- [RMI TCP Connection(2)-127.0.0.1] inMXBeanRegistrar$SpringApplicationAdmin : Application shutdown requested.
2023-04-24 12:02:44.871  INFO 7340 --- [RMI TCP Connection(2)-127.0.0.1] o.apache.catalina.core.StandardService   : Stopping service [Tomcat]
2023-04-24 12:02:44.873  INFO 7340 --- [RMI TCP Connection(2)-127.0.0.1] o.a.c.c.C.[Tomcat].[localhost].[/]       : Destroying Spring FrameworkServlet 'dispatcherServlet'
2023-04-24 12:03:54.001  INFO 8472 --- [restartedMain] c.ust.rest.FirstrestAcuactorApplication  : Starting FirstrestAcuactorApplication using Java 16.0.2 on a05a120d459151e with PID 8472 (D:\Module 3\mvc\firstrestAcuactor\target\classes started by Administrator in D:\Module 3\mvc\firstrestAcuactor)
2023-04-24 12:03:54.005  INFO 8472 --- [restartedMain] c.ust.rest.FirstrestAcuactorApplication  : No active profile set, falling back to 1 default profile: "default"
2023-04-24 12:03:54.092  INFO 8472 --- [restartedMain] .e.DevToolsPropertyDefaultsPostProcessor : Devtools property defaults active! Set 'spring.devtools.add-properties' to 'false' to disable
2023-04-24 12:03:54.093  INFO 8472 --- [restartedMain] .e.DevToolsPropertyDefaultsPostProcessor : For additional web related logging consider setting the 'logging.level.web' property to 'DEBUG'
2023-04-24 12:03:56.154  INFO 8472 --- [restartedMain] o.s.b.w.embedded.tomcat.TomcatWebServer  : Tomcat initialized with port(s): 8080 (http)
2023-04-24 12:03:56.177  INFO 8472 --- [restartedMain] o.apache.catalina.core.StandardService   : Starting service [Tomcat]
2023-04-24 12:03:56.178  INFO 8472 --- [restartedMain] org.apache.catalina.core.StandardEngine  : Starting Servlet engine: [Apache Tomcat/9.0.73]
2023-04-24 12:03:56.304  INFO 8472 --- [restartedMain] o.a.c.c.C.[Tomcat].[localhost].[/]       : Initializing Spring embedded WebApplicationContext
2023-04-24 12:03:56.305  INFO 8472 --- [restartedMain] w.s.c.ServletWebServerApplicationContext : Root WebApplicationContext: initialization completed in 2210 ms
2023-04-24 12:03:57.409  INFO 8472 --- [restartedMain] o.s.b.d.a.OptionalLiveReloadServer       : LiveReload server is running on port 35729
2023-04-24 12:03:57.418  INFO 8472 --- [restartedMain] o.s.b.a.e.web.EndpointLinksResolver      : Exposing 1 endpoint(s) beneath base path '/actuator'
2023-04-24 12:03:57.522  INFO 8472 --- [restartedMain] o.s.b.w.embedded.tomcat.TomcatWebServer  : Tomcat started on port(s): 8080 (http) with context path ''
2023-04-24 12:03:57.546  INFO 8472 --- [restartedMain] c.ust.rest.FirstrestAcuactorApplication  : Started FirstrestAcuactorApplication in 4.264 seconds (JVM running for 5.597)
2023-04-24 12:03:57.558  INFO 8472 --- [restartedMain] c.ust.rest.FirstrestAcuactorApplication  : Application started successfully
2023-04-24 12:03:57.559 ERROR 8472 --- [restartedMain] c.ust.rest.FirstrestAcuactorApplication  : error
2023-04-24 12:03:57.559  WARN 8472 --- [restartedMain] c.ust.rest.FirstrestAcuactorApplication  : warning message
2023-04-24 12:03:59.101  INFO 8472 --- [RMI TCP Connection(3)-127.0.0.1] o.a.c.c.C.[Tomcat].[localhost].[/]       : Initializing Spring DispatcherServlet 'dispatcherServlet'
2023-04-24 12:03:59.101  INFO 8472 --- [RMI TCP Connection(3)-127.0.0.1] o.s.web.servlet.DispatcherServlet        : Initializing Servlet 'dispatcherServlet'
2023-04-24 12:03:59.105  INFO 8472 --- [RMI TCP Connection(3)-127.0.0.1] o.s.web.servlet.DispatcherServlet        : Completed initialization in 2 ms
2023-04-24 12:04:15.094  INFO 8472 --- [File Watcher] rtingClassPathChangeChangedEventListener : Restarting due to 1 class path change (0 additions, 0 deletions, 1 modification)
2023-04-24 12:04:15.112  INFO 8472 --- [Thread-5] o.apache.catalina.core.StandardService   : Stopping service [Tomcat]
2023-04-24 12:04:15.114  INFO 8472 --- [Thread-5] o.a.c.c.C.[Tomcat].[localhost].[/]       : Destroying Spring FrameworkServlet 'dispatcherServlet'
2023-04-24 12:04:15.243  INFO 8472 --- [restartedMain] c.ust.rest.FirstrestAcuactorApplication  : Starting FirstrestAcuactorApplication using Java 16.0.2 on a05a120d459151e with PID 8472 (D:\Module 3\mvc\firstrestAcuactor\target\classes started by Administrator in D:\Module 3\mvc\firstrestAcuactor)
2023-04-24 12:04:15.244  INFO 8472 --- [restartedMain] c.ust.rest.FirstrestAcuactorApplication  : No active profile set, falling back to 1 default profile: "default"
2023-04-24 12:04:15.709  INFO 8472 --- [restartedMain] o.s.b.w.embedded.tomcat.TomcatWebServer  : Tomcat initialized with port(s): 8080 (http)
2023-04-24 12:04:15.710  INFO 8472 --- [restartedMain] o.apache.catalina.core.StandardService   : Starting service [Tomcat]
2023-04-24 12:04:15.711  INFO 8472 --- [restartedMain] org.apache.catalina.core.StandardEngine  : Starting Servlet engine: [Apache Tomcat/9.0.73]
2023-04-24 12:04:15.735  INFO 8472 --- [restartedMain] o.a.c.c.C.[Tomcat].[localhost].[/]       : Initializing Spring embedded WebApplicationContext
2023-04-24 12:04:15.735  INFO 8472 --- [restartedMain] w.s.c.ServletWebServerApplicationContext : Root WebApplicationContext: initialization completed in 488 ms
2023-04-24 12:04:16.010  INFO 8472 --- [restartedMain] o.s.b.d.a.OptionalLiveReloadServer       : LiveReload server is running on port 35729
2023-04-24 12:04:16.015  INFO 8472 --- [restartedMain] o.s.b.a.e.web.EndpointLinksResolver      : Exposing 1 endpoint(s) beneath base path '/actuator'
2023-04-24 12:04:16.043  INFO 8472 --- [restartedMain] o.s.b.w.embedded.tomcat.TomcatWebServer  : Tomcat started on port(s): 8080 (http) with context path ''
2023-04-24 12:04:16.056  INFO 8472 --- [restartedMain] c.ust.rest.FirstrestAcuactorApplication  : Started FirstrestAcuactorApplication in 0.858 seconds (JVM running for 24.107)
2023-04-24 12:04:16.061  INFO 8472 --- [restartedMain] .ConditionEvaluationDeltaLoggingListener : Condition evaluation unchanged
2023-04-24 12:04:16.062  INFO 8472 --- [restartedMain] c.ust.rest.FirstrestAcuactorApplication  : Application started successfully
2023-04-24 12:04:16.062 ERROR 8472 --- [restartedMain] c.ust.rest.FirstrestAcuactorApplication  : error
2023-04-24 12:04:16.062  WARN 8472 --- [restartedMain] c.ust.rest.FirstrestAcuactorApplication  : warning message
2023-04-24 12:04:19.285  INFO 3780 --- [restartedMain] c.ust.rest.FirstrestAcuactorApplication  : Starting FirstrestAcuactorApplication using Java 16.0.2 on a05a120d459151e with PID 3780 (D:\Module 3\mvc\firstrestAcuactor\target\classes started by Administrator in D:\Module 3\mvc\firstrestAcuactor)
2023-04-24 12:04:19.288  INFO 3780 --- [restartedMain] c.ust.rest.FirstrestAcuactorApplication  : No active profile set, falling back to 1 default profile: "default"
2023-04-24 12:04:19.383  INFO 3780 --- [restartedMain] .e.DevToolsPropertyDefaultsPostProcessor : Devtools property defaults active! Set 'spring.devtools.add-properties' to 'false' to disable
2023-04-24 12:04:19.383  INFO 3780 --- [restartedMain] .e.DevToolsPropertyDefaultsPostProcessor : For additional web related logging consider setting the 'logging.level.web' property to 'DEBUG'
2023-04-24 12:04:21.513  INFO 3780 --- [restartedMain] o.s.b.w.embedded.tomcat.TomcatWebServer  : Tomcat initialized with port(s): 8080 (http)
2023-04-24 12:04:21.532  INFO 3780 --- [restartedMain] o.apache.catalina.core.StandardService   : Starting service [Tomcat]
2023-04-24 12:04:21.533  INFO 3780 --- [restartedMain] org.apache.catalina.core.StandardEngine  : Starting Servlet engine: [Apache Tomcat/9.0.73]
2023-04-24 12:04:21.651  INFO 3780 --- [restartedMain] o.a.c.c.C.[Tomcat].[localhost].[/]       : Initializing Spring embedded WebApplicationContext
2023-04-24 12:04:21.652  INFO 3780 --- [restartedMain] w.s.c.ServletWebServerApplicationContext : Root WebApplicationContext: initialization completed in 2267 ms
2023-04-24 12:04:22.763  WARN 3780 --- [restartedMain] o.s.b.d.a.OptionalLiveReloadServer       : Unable to start LiveReload server
2023-04-24 12:04:22.773  INFO 3780 --- [restartedMain] o.s.b.a.e.web.EndpointLinksResolver      : Exposing 1 endpoint(s) beneath base path '/actuator'
2023-04-24 12:04:22.829  WARN 3780 --- [restartedMain] ConfigServletWebServerApplicationContext : Exception encountered during context initialization - cancelling refresh attempt: org.springframework.context.ApplicationContextException: Failed to start bean 'webServerStartStop'; nested exception is org.springframework.boot.web.server.PortInUseException: Port 8080 is already in use
2023-04-24 12:04:22.844  INFO 3780 --- [restartedMain] o.apache.catalina.core.StandardService   : Stopping service [Tomcat]
2023-04-24 12:04:22.878  INFO 3780 --- [restartedMain] ConditionEvaluationReportLoggingListener : 

Error starting ApplicationContext. To display the conditions report re-run your application with 'debug' enabled.
2023-04-24 12:04:22.939 ERROR 3780 --- [restartedMain] o.s.b.d.LoggingFailureAnalysisReporter   : 

***************************
APPLICATION FAILED TO START
***************************

Description:

Web server failed to start. Port 8080 was already in use.

Action:

Identify and stop the process that's listening on port 8080 or configure this application to listen on another port.

2023-04-24 12:04:58.937  INFO 8472 --- [File Watcher] rtingClassPathChangeChangedEventListener : Restarting due to 1 class path change (0 additions, 0 deletions, 1 modification)
2023-04-24 12:04:58.950  INFO 8472 --- [Thread-7] o.apache.catalina.core.StandardService   : Stopping service [Tomcat]
